<?xml version="1.0" encoding="UTF-8"?>
<testsuites name="wiki B" time="37.681" tests="1" failures="0" errors="0">
   <testsuite name="wiki bob marley" tests="1" failures="0" errors="0" time="19.641" skipped="0" timestamp="04-07-2024T13:56:50" hostname="0789 - DESKTOP-51HVGAE" id="Test Suites/wiki bob marley">
      <properties>
         <property name="deviceName" value=""/>
         <property name="devicePlatform"/>
         <property name="logFolder" value="C:\\Users\\0789\\Katalon Studio\\dev mascot\\Reports\\20240704_135640\\wiki bob marley\\20240704_135641"/>
         <property name="logFiles" value="C:\\Users\\0789\\Katalon Studio\\dev mascot\\Reports\\20240704_135640\\wiki bob marley\\20240704_135641\\execution0.log"/>
         <property name="attachments" value=""/>
         <property name="hostName" value="0789 - DESKTOP-51HVGAE"/>
         <property name="os" value="Windows 10 64bit"/>
         <property name="katalonVersion" value="9.5.0.217"/>
         <property name="browser" value="Chrome 126.0.0.0"/>
         <property name="hostAddress" value="192.168.73.2"/>
         <property name="sessionId" value="a1a544dc14ad9bd121b397473928fd38"/>
         <property name="seleniumVersion" value="3.141.59"/>
         <property name="proxyInformation" value="ProxyInformation { proxyOption=NO_PROXY, proxyServerType=HTTP, username=, password=********, proxyServerAddress=, proxyServerPort=0, executionList=&quot;&quot;, isApplyToDesiredCapabilities=true }"/>
         <property name="platform" value="Windows 10"/>
      </properties>
      <testcase name="Test Cases/Wikipedia/Open Bob Marley" time="19.45" classname="Test Cases/Wikipedia/Open Bob Marley" status="PASSED">
         <system-out><![CDATA[04-07-2024T13:56:50 - [TEST_CASE][PASSED] - Test Cases/Wikipedia/Open Bob Marley: Test Cases/Wikipedia/Open Bob Marley

04-07-2024T13:56:51 - [TEST_STEP][PASSED] - openBrowser("https://www.wikipedia.org/"): Browser is opened with url: 'https://www.wikipedia.org/'

04-07-2024T13:56:51 - [MESSAGE][INFO] - Starting 'Chrome' driver

04-07-2024T13:56:51 - [MESSAGE][INFO] - Action delay is set to 0 milliseconds

04-07-2024T13:56:58 - [MESSAGE][PASSED] - Browser is opened with url: 'https://www.wikipedia.org/'

04-07-2024T13:56:58 - [TEST_STEP][PASSED] - setText(findTestObject("Wikipedia/box wikipedia search"), "Bob Marley"): Text 'Bob Marley' is set on object 'Object Repository/Wikipedia/box wikipedia search'

04-07-2024T13:56:59 - [MESSAGE][PASSED] - Text 'Bob Marley' is set on object 'Object Repository/Wikipedia/box wikipedia search'

04-07-2024T13:56:59 - [TEST_STEP][PASSED] - delay(3): Delayed 3 second(s)

04-07-2024T13:57:02 - [MESSAGE][PASSED] - Delayed 3 second(s)

04-07-2024T13:57:02 - [TEST_STEP][PASSED] - click(findTestObject("Wikipedia/klik button search")): Object: 'Object Repository/Wikipedia/klik button search' is clicked on

04-07-2024T13:57:06 - [MESSAGE][PASSED] - Object: 'Object Repository/Wikipedia/klik button search' is clicked on

04-07-2024T13:57:06 - [TEST_STEP][PASSED] - delay(4): Delayed 4 second(s)

04-07-2024T13:57:10 - [MESSAGE][PASSED] - Delayed 4 second(s)]]></system-out>
         <system-err><![CDATA[]]></system-err>
      </testcase>
      <system-out><![CDATA[04-07-2024T13:56:50 - [TEST_SUITE][PASSED] - wiki bob marley: Test Cases/Wikipedia/Open Bob Marley]]></system-out>
      <system-err><![CDATA[]]></system-err>
   </testsuite>
</testsuites>
