<?xml version="1.0" encoding="UTF-8"?>
<testsuites name="wiki a" time="28.107" tests="1" failures="0" errors="0">
   <testsuite name="wiki ac milan" tests="1" failures="0" errors="0" time="17.721" skipped="0" timestamp="04-07-2024T13:58:39" hostname="0789 - DESKTOP-51HVGAE" id="Test Suites/mascot/wiki ac milan">
      <properties>
         <property name="deviceName" value=""/>
         <property name="devicePlatform"/>
         <property name="logFolder" value="C:\\Users\\0789\\Katalon Studio\\dev mascot\\Reports\\20240704_135826\\mascot\\wiki ac milan\\20240704_135827"/>
         <property name="logFiles" value="C:\\Users\\0789\\Katalon Studio\\dev mascot\\Reports\\20240704_135826\\mascot\\wiki ac milan\\20240704_135827\\execution0.log"/>
         <property name="attachments" value=""/>
         <property name="hostName" value="0789 - DESKTOP-51HVGAE"/>
         <property name="os" value="Windows 10 64bit"/>
         <property name="katalonVersion" value="9.5.0.217"/>
         <property name="browser" value="Chrome 126.0.0.0"/>
         <property name="hostAddress" value="192.168.73.2"/>
         <property name="sessionId" value="51a3d6c7dd237471aee3fa09b8f727e8"/>
         <property name="seleniumVersion" value="3.141.59"/>
         <property name="proxyInformation" value="ProxyInformation { proxyOption=NO_PROXY, proxyServerType=HTTP, username=, password=********, proxyServerAddress=, proxyServerPort=0, executionList=&quot;&quot;, isApplyToDesiredCapabilities=true }"/>
         <property name="platform" value="Windows 10"/>
      </properties>
      <testcase name="Test Cases/Wikipedia/Open AC Milan" time="17.502" classname="Test Cases/Wikipedia/Open AC Milan" status="PASSED">
         <system-out><![CDATA[04-07-2024T13:58:39 - [TEST_CASE][PASSED] - Test Cases/Wikipedia/Open AC Milan: Test Cases/Wikipedia/Open AC Milan

04-07-2024T13:58:40 - [TEST_STEP][PASSED] - openBrowser("https://www.wikipedia.org/"): Browser is opened with url: 'https://www.wikipedia.org/'

04-07-2024T13:58:40 - [MESSAGE][INFO] - Starting 'Chrome' driver

04-07-2024T13:58:40 - [MESSAGE][INFO] - Action delay is set to 0 milliseconds

04-07-2024T13:58:46 - [MESSAGE][PASSED] - Browser is opened with url: 'https://www.wikipedia.org/'

04-07-2024T13:58:46 - [TEST_STEP][PASSED] - setText(findTestObject("Wikipedia/box wikipedia search"), "AC Milan"): Text 'AC Milan' is set on object 'Object Repository/Wikipedia/box wikipedia search'

04-07-2024T13:58:47 - [MESSAGE][PASSED] - Text 'AC Milan' is set on object 'Object Repository/Wikipedia/box wikipedia search'

04-07-2024T13:58:47 - [TEST_STEP][PASSED] - delay(3): Delayed 3 second(s)

04-07-2024T13:58:50 - [MESSAGE][PASSED] - Delayed 3 second(s)

04-07-2024T13:58:50 - [TEST_STEP][PASSED] - click(findTestObject("Wikipedia/klik button search")): Object: 'Object Repository/Wikipedia/klik button search' is clicked on

04-07-2024T13:58:53 - [MESSAGE][PASSED] - Object: 'Object Repository/Wikipedia/klik button search' is clicked on

04-07-2024T13:58:53 - [TEST_STEP][PASSED] - delay(4): Delayed 4 second(s)

04-07-2024T13:58:57 - [MESSAGE][PASSED] - Delayed 4 second(s)]]></system-out>
         <system-err><![CDATA[]]></system-err>
      </testcase>
      <system-out><![CDATA[04-07-2024T13:58:39 - [TEST_SUITE][PASSED] - wiki ac milan: Test Cases/Wikipedia/Open AC Milan]]></system-out>
      <system-err><![CDATA[]]></system-err>
   </testsuite>
</testsuites>
