<?xml version="1.0" encoding="UTF-8"?>
<testsuites name="login m2" time="17.972" tests="1" failures="0" errors="0">
   <testsuite name="login m2" tests="1" failures="0" errors="0" time="17.972" skipped="0" timestamp="09-07-2024T14:53:53" hostname="0789 - DESKTOP-51HVGAE" id="Test Suites/login m2">
      <properties>
         <property name="deviceName" value=""/>
         <property name="devicePlatform"/>
         <property name="logFolder" value="C:\\Users\\0789\\git\\CertificateV2\\Reports\\20240709_145329\\login m2\\20240709_145329"/>
         <property name="logFiles" value="C:\\Users\\0789\\git\\CertificateV2\\Reports\\20240709_145329\\login m2\\20240709_145329\\execution0.log"/>
         <property name="attachments" value=""/>
         <property name="hostName" value="0789 - DESKTOP-51HVGAE"/>
         <property name="os" value="Windows 10 64bit"/>
         <property name="katalonVersion" value="9.5.0.217"/>
         <property name="browser" value="Chrome 126.0.0.0"/>
         <property name="hostAddress" value="192.168.73.2"/>
         <property name="sessionId" value="a650bf2ff927efb7be678fd655ae5bf4"/>
         <property name="seleniumVersion" value="3.141.59"/>
         <property name="proxyInformation" value="ProxyInformation { proxyOption=NO_PROXY, proxyServerType=HTTP, username=, password=********, proxyServerAddress=, proxyServerPort=0, executionList=&quot;&quot;, isApplyToDesiredCapabilities=true }"/>
         <property name="platform" value="Windows 10"/>
      </properties>
      <testcase name="Test Cases/login mascot/login2" time="17.737" classname="Test Cases/login mascot/login2" status="PASSED">
         <system-out><![CDATA[09-07-2024T14:53:53 - [TEST_CASE][PASSED] - Test Cases/login mascot/login2: Test Cases/login mascot/login2

09-07-2024T14:53:53 - [TEST_STEP][PASSED] - openBrowser(""): Browser is opened with url: ''

09-07-2024T14:53:54 - [MESSAGE][INFO] - Starting 'Chrome' driver

09-07-2024T14:53:54 - [MESSAGE][INFO] - Action delay is set to 0 milliseconds

09-07-2024T14:54:00 - [MESSAGE][PASSED] - Browser is opened with url: ''

09-07-2024T14:54:00 - [TEST_STEP][PASSED] - navigateToUrl("http://206.189.158.91:8080/sparepart-factory-cms/login.zul"): Navigate to 'http://206.189.158.91:8080/sparepart-factory-cms/login.zul' successfully

09-07-2024T14:54:03 - [MESSAGE][PASSED] - Navigate to 'http://206.189.158.91:8080/sparepart-factory-cms/login.zul' successfully

09-07-2024T14:54:03 - [TEST_STEP][PASSED] - maximizeWindow(): Current window maximized

09-07-2024T14:54:03 - [MESSAGE][PASSED] - Current window maximized

09-07-2024T14:54:03 - [TEST_STEP][PASSED] - setText(findTestObject("login mascot/input username"), "sadm001"): Text 'sadm001' is set on object 'Object Repository/login mascot/input username'

09-07-2024T14:54:04 - [MESSAGE][PASSED] - Text 'sadm001' is set on object 'Object Repository/login mascot/input username'

09-07-2024T14:54:04 - [TEST_STEP][PASSED] - setEncryptedText(findTestObject("login mascot/input password"), "da8fEzhczGg="): Text ****** has been set on object 'Object Repository/login mascot/input password'

09-07-2024T14:54:05 - [MESSAGE][PASSED] - Text ****** has been set on object 'Object Repository/login mascot/input password'

09-07-2024T14:54:05 - [TEST_STEP][PASSED] - click(findTestObject("login mascot/klik button login")): Object: 'Object Repository/login mascot/klik button login' is clicked on

09-07-2024T14:54:05 - [MESSAGE][PASSED] - Object: 'Object Repository/login mascot/klik button login' is clicked on

09-07-2024T14:54:05 - [TEST_STEP][PASSED] - delay(5): Delayed 5 second(s)

09-07-2024T14:54:10 - [MESSAGE][PASSED] - Delayed 5 second(s)

09-07-2024T14:54:10 - [TEST_STEP][PASSED] - closeBrowser(): Browser is closed

09-07-2024T14:54:11 - [MESSAGE][PASSED] - Browser is closed]]></system-out>
         <system-err><![CDATA[]]></system-err>
      </testcase>
      <system-out><![CDATA[09-07-2024T14:53:53 - [TEST_SUITE][PASSED] - login m2: Test Cases/login mascot/login2]]></system-out>
      <system-err><![CDATA[]]></system-err>
   </testsuite>
</testsuites>
