<?xml version="1.0" encoding="UTF-8"?>
<testsuites name="wiki blake" time="24.531" tests="1" failures="0" errors="0">
   <testsuite name="wiki blake" tests="1" failures="0" errors="0" time="24.531" skipped="0" timestamp="04-07-2024T14:02:44" hostname="0789 - DESKTOP-51HVGAE" id="Test Suites/mascot/wiki blake">
      <properties>
         <property name="deviceName" value=""/>
         <property name="devicePlatform"/>
         <property name="logFolder" value="C:\\Users\\0789\\Katalon Studio\\dev mascot\\Reports\\20240704_140235\\mascot\\wiki blake\\20240704_140236"/>
         <property name="logFiles" value="C:\\Users\\0789\\Katalon Studio\\dev mascot\\Reports\\20240704_140235\\mascot\\wiki blake\\20240704_140236\\execution0.log"/>
         <property name="attachments" value=""/>
         <property name="hostName" value="0789 - DESKTOP-51HVGAE"/>
         <property name="os" value="Windows 10 64bit"/>
         <property name="katalonVersion" value="9.5.0.217"/>
         <property name="browser" value="Chrome 126.0.0.0"/>
         <property name="hostAddress" value="192.168.73.2"/>
         <property name="sessionId" value="893d988fb8e368862dd2f4e62e28100d"/>
         <property name="seleniumVersion" value="3.141.59"/>
         <property name="proxyInformation" value="ProxyInformation { proxyOption=NO_PROXY, proxyServerType=HTTP, username=, password=********, proxyServerAddress=, proxyServerPort=0, executionList=&quot;&quot;, isApplyToDesiredCapabilities=true }"/>
         <property name="platform" value="Windows 10"/>
      </properties>
      <testcase name="Test Cases/Wikipedia/Open Blake Shelton" time="24.268" classname="Test Cases/Wikipedia/Open Blake Shelton" status="PASSED">
         <system-out><![CDATA[04-07-2024T14:02:45 - [TEST_CASE][PASSED] - Test Cases/Wikipedia/Open Blake Shelton: Test Cases/Wikipedia/Open Blake Shelton

04-07-2024T14:02:45 - [TEST_STEP][PASSED] - openBrowser("https://www.wikipedia.org/"): Browser is opened with url: 'https://www.wikipedia.org/'

04-07-2024T14:02:45 - [MESSAGE][INFO] - Starting 'Chrome' driver

04-07-2024T14:02:45 - [MESSAGE][INFO] - Action delay is set to 0 milliseconds

04-07-2024T14:02:57 - [MESSAGE][PASSED] - Browser is opened with url: 'https://www.wikipedia.org/'

04-07-2024T14:02:57 - [TEST_STEP][PASSED] - setText(findTestObject("Wikipedia/box wikipedia search"), "Blake Shelton"): Text 'Blake Shelton' is set on object 'Object Repository/Wikipedia/box wikipedia search'

04-07-2024T14:02:59 - [MESSAGE][PASSED] - Text 'Blake Shelton' is set on object 'Object Repository/Wikipedia/box wikipedia search'

04-07-2024T14:02:59 - [TEST_STEP][PASSED] - delay(3): Delayed 3 second(s)

04-07-2024T14:03:02 - [MESSAGE][PASSED] - Delayed 3 second(s)

04-07-2024T14:03:02 - [TEST_STEP][PASSED] - click(findTestObject("Wikipedia/klik button search")): Object: 'Object Repository/Wikipedia/klik button search' is clicked on

04-07-2024T14:03:05 - [MESSAGE][PASSED] - Object: 'Object Repository/Wikipedia/klik button search' is clicked on

04-07-2024T14:03:05 - [TEST_STEP][PASSED] - delay(4): Delayed 4 second(s)

04-07-2024T14:03:09 - [MESSAGE][PASSED] - Delayed 4 second(s)]]></system-out>
         <system-err><![CDATA[]]></system-err>
      </testcase>
      <system-out><![CDATA[04-07-2024T14:02:44 - [TEST_SUITE][PASSED] - wiki blake: Test Cases/Wikipedia/Open Blake Shelton]]></system-out>
      <system-err><![CDATA[]]></system-err>
   </testsuite>
</testsuites>
