<?xml version="1.0" encoding="UTF-8"?>
<testsuites name="wiki bs" time="29.932" tests="1" failures="0" errors="0">
   <testsuite name="wiki blake" tests="1" failures="0" errors="0" time="16.689" skipped="0" timestamp="08-07-2024T15:03:12" hostname="0789 - DESKTOP-51HVGAE" id="Test Suites/mascot/wiki blake">
      <properties>
         <property name="deviceName" value=""/>
         <property name="devicePlatform"/>
         <property name="logFolder" value="C:\\Users\\0789\\git\\CertificateV2\\Reports\\20240708_150226\\mascot\\wiki blake\\20240708_150243"/>
         <property name="logFiles" value="C:\\Users\\0789\\git\\CertificateV2\\Reports\\20240708_150226\\mascot\\wiki blake\\20240708_150243\\execution0.log"/>
         <property name="attachments" value=""/>
         <property name="hostName" value="0789 - DESKTOP-51HVGAE"/>
         <property name="os" value="Windows 10 64bit"/>
         <property name="katalonVersion" value="9.5.0.217"/>
         <property name="browser" value="Chrome 126.0.0.0"/>
         <property name="hostAddress" value="192.168.73.2"/>
         <property name="sessionId" value="b8178d3790c4d56d15a98843fae38e0a"/>
         <property name="seleniumVersion" value="3.141.59"/>
         <property name="proxyInformation" value="ProxyInformation { proxyOption=NO_PROXY, proxyServerType=HTTP, username=, password=********, proxyServerAddress=, proxyServerPort=0, executionList=&quot;&quot;, isApplyToDesiredCapabilities=true }"/>
         <property name="platform" value="Windows 10"/>
      </properties>
      <testcase name="Test Cases/Wikipedia/Open Blake Shelton" time="16.498" classname="Test Cases/Wikipedia/Open Blake Shelton" status="PASSED">
         <system-out><![CDATA[08-07-2024T15:03:12 - [TEST_CASE][PASSED] - Test Cases/Wikipedia/Open Blake Shelton: Test Cases/Wikipedia/Open Blake Shelton

08-07-2024T15:03:13 - [TEST_STEP][PASSED] - openBrowser("https://www.wikipedia.org/"): Browser is opened with url: 'https://www.wikipedia.org/'

08-07-2024T15:03:13 - [MESSAGE][INFO] - Starting 'Chrome' driver

08-07-2024T15:03:13 - [MESSAGE][INFO] - Action delay is set to 0 milliseconds

08-07-2024T15:03:18 - [MESSAGE][PASSED] - Browser is opened with url: 'https://www.wikipedia.org/'

08-07-2024T15:03:18 - [TEST_STEP][PASSED] - setText(findTestObject("Wikipedia/box wikipedia search"), "Blake Shelton"): Text 'Blake Shelton' is set on object 'Object Repository/Wikipedia/box wikipedia search'

08-07-2024T15:03:19 - [MESSAGE][PASSED] - Text 'Blake Shelton' is set on object 'Object Repository/Wikipedia/box wikipedia search'

08-07-2024T15:03:19 - [TEST_STEP][PASSED] - delay(3): Delayed 3 second(s)

08-07-2024T15:03:22 - [MESSAGE][PASSED] - Delayed 3 second(s)

08-07-2024T15:03:22 - [TEST_STEP][PASSED] - click(findTestObject("Wikipedia/klik button search")): Object: 'Object Repository/Wikipedia/klik button search' is clicked on

08-07-2024T15:03:25 - [MESSAGE][PASSED] - Object: 'Object Repository/Wikipedia/klik button search' is clicked on

08-07-2024T15:03:25 - [TEST_STEP][PASSED] - delay(4): Delayed 4 second(s)

08-07-2024T15:03:29 - [MESSAGE][PASSED] - Delayed 4 second(s)]]></system-out>
         <system-err><![CDATA[]]></system-err>
      </testcase>
      <system-out><![CDATA[08-07-2024T15:03:12 - [TEST_SUITE][PASSED] - wiki blake: Test Cases/Wikipedia/Open Blake Shelton]]></system-out>
      <system-err><![CDATA[]]></system-err>
   </testsuite>
</testsuites>
