<?xml version="1.0" encoding="UTF-8"?>
<testsuites name="master Role and Menu" time="17.855" tests="1" failures="0" errors="0">
   <testsuite name="master Role and Menu" tests="1" failures="0" errors="0" time="17.855" skipped="0" timestamp="04-07-2024T13:42:08" hostname="0789 - DESKTOP-51HVGAE" id="Test Suites/mascot/master Role and Menu">
      <properties>
         <property name="deviceName" value=""/>
         <property name="devicePlatform"/>
         <property name="logFolder" value="C:\\Users\\0789\\Katalon Studio\\dev mascot\\Reports\\20240704_134153\\mascot\\master Role and Menu\\20240704_134153"/>
         <property name="logFiles" value="C:\\Users\\0789\\Katalon Studio\\dev mascot\\Reports\\20240704_134153\\mascot\\master Role and Menu\\20240704_134153\\execution0.log"/>
         <property name="attachments" value=""/>
         <property name="hostName" value="0789 - DESKTOP-51HVGAE"/>
         <property name="os" value="Windows 10 64bit"/>
         <property name="katalonVersion" value="9.5.0.217"/>
         <property name="browser" value="Chrome 126.0.0.0"/>
         <property name="hostAddress" value="192.168.73.2"/>
         <property name="sessionId" value="1807f5c7304ccdd711822a4da5be20ef"/>
         <property name="seleniumVersion" value="3.141.59"/>
         <property name="proxyInformation" value="ProxyInformation { proxyOption=NO_PROXY, proxyServerType=HTTP, username=, password=********, proxyServerAddress=, proxyServerPort=0, executionList=&quot;&quot;, isApplyToDesiredCapabilities=true }"/>
         <property name="platform" value="Windows 10"/>
      </properties>
      <testcase name="Test Cases/User Management - Role and Menu/Open Role and Menu" time="17.614" classname="Test Cases/User Management - Role and Menu/Open Role and Menu" status="PASSED">
         <system-out><![CDATA[04-07-2024T13:42:08 - [TEST_CASE][PASSED] - Test Cases/User Management - Role and Menu/Open Role and Menu: Test Cases/User Management - Role and Menu/Open Role and Menu

04-07-2024T13:42:09 - [TEST_STEP][PASSED] - a = "http://206.189.158.91:8080/sparepart-factory-cms/login.zul": null

04-07-2024T13:42:09 - [TEST_STEP][PASSED] - openBrowser(a): Browser is opened with url: 'http://206.189.158.91:8080/sparepart-factory-cms/login.zul'

04-07-2024T13:42:09 - [MESSAGE][INFO] - Starting 'Chrome' driver

04-07-2024T13:42:09 - [MESSAGE][INFO] - Action delay is set to 0 milliseconds

04-07-2024T13:42:21 - [MESSAGE][PASSED] - Browser is opened with url: 'http://206.189.158.91:8080/sparepart-factory-cms/login.zul'

04-07-2024T13:42:21 - [TEST_STEP][PASSED] - setText(findTestObject("login mascot/input username"), UserName): Text 'sadm001' is set on object 'Object Repository/login mascot/input username'

04-07-2024T13:42:22 - [MESSAGE][PASSED] - Text 'sadm001' is set on object 'Object Repository/login mascot/input username'

04-07-2024T13:42:22 - [TEST_STEP][PASSED] - setText(findTestObject("login mascot/input password"), Password): Text 'Abc123!' is set on object 'Object Repository/login mascot/input password'

04-07-2024T13:42:23 - [MESSAGE][PASSED] - Text 'Abc123!' is set on object 'Object Repository/login mascot/input password'

04-07-2024T13:42:23 - [TEST_STEP][PASSED] - click(findTestObject("login mascot/klik button login")): Object: 'Object Repository/login mascot/klik button login' is clicked on

04-07-2024T13:42:23 - [MESSAGE][PASSED] - Object: 'Object Repository/login mascot/klik button login' is clicked on

04-07-2024T13:42:23 - [TEST_STEP][PASSED] - delay(2): Delayed 2 second(s)

04-07-2024T13:42:25 - [MESSAGE][PASSED] - Delayed 2 second(s)

04-07-2024T13:42:25 - [TEST_STEP][PASSED] - click(findTestObject("User Management - Role and Menu/Role and Menu2")): Object: 'Object Repository/User Management - Role and Menu/Role and Menu2' is clicked on

04-07-2024T13:42:26 - [MESSAGE][PASSED] - Object: 'Object Repository/User Management - Role and Menu/Role and Menu2' is clicked on]]></system-out>
         <system-err><![CDATA[]]></system-err>
      </testcase>
      <system-out><![CDATA[04-07-2024T13:42:08 - [TEST_SUITE][PASSED] - master Role and Menu: Test Cases/User Management - Role and Menu/Open Role and Menu]]></system-out>
      <system-err><![CDATA[]]></system-err>
   </testsuite>
</testsuites>
