<?xml version="1.0" encoding="UTF-8"?>
<testsuites name="wiki bon jovi" time="21.439" tests="1" failures="0" errors="0">
   <testsuite name="wiki bon jovi" tests="1" failures="0" errors="0" time="21.439" skipped="0" timestamp="04-07-2024T13:54:15" hostname="0789 - DESKTOP-51HVGAE" id="Test Suites/mascot/wiki bon jovi">
      <properties>
         <property name="deviceName" value=""/>
         <property name="devicePlatform"/>
         <property name="logFolder" value="C:\\Users\\0789\\Katalon Studio\\dev mascot\\Reports\\20240704_135342\\mascot\\wiki bon jovi\\20240704_135343"/>
         <property name="logFiles" value="C:\\Users\\0789\\Katalon Studio\\dev mascot\\Reports\\20240704_135342\\mascot\\wiki bon jovi\\20240704_135343\\execution0.log"/>
         <property name="attachments" value=""/>
         <property name="hostName" value="0789 - DESKTOP-51HVGAE"/>
         <property name="os" value="Windows 10 64bit"/>
         <property name="katalonVersion" value="9.5.0.217"/>
         <property name="browser" value="Chrome 126.0.0.0"/>
         <property name="hostAddress" value="192.168.73.2"/>
         <property name="sessionId" value="b16595d6f2c4771ce2f2fb5663b632fb"/>
         <property name="seleniumVersion" value="3.141.59"/>
         <property name="proxyInformation" value="ProxyInformation { proxyOption=NO_PROXY, proxyServerType=HTTP, username=, password=********, proxyServerAddress=, proxyServerPort=0, executionList=&quot;&quot;, isApplyToDesiredCapabilities=true }"/>
         <property name="platform" value="Windows 10"/>
      </properties>
      <testcase name="Test Cases/Wikipedia/Open Bon Jovi" time="21.225" classname="Test Cases/Wikipedia/Open Bon Jovi" status="PASSED">
         <system-out><![CDATA[04-07-2024T13:54:15 - [TEST_CASE][PASSED] - Test Cases/Wikipedia/Open Bon Jovi: Test Cases/Wikipedia/Open Bon Jovi

04-07-2024T13:54:15 - [TEST_STEP][PASSED] - openBrowser("https://www.wikipedia.org/"): Browser is opened with url: 'https://www.wikipedia.org/'

04-07-2024T13:54:15 - [MESSAGE][INFO] - Starting 'Chrome' driver

04-07-2024T13:54:15 - [MESSAGE][INFO] - Action delay is set to 0 milliseconds

04-07-2024T13:54:24 - [MESSAGE][PASSED] - Browser is opened with url: 'https://www.wikipedia.org/'

04-07-2024T13:54:24 - [TEST_STEP][PASSED] - setText(findTestObject("Wikipedia/box wikipedia search"), "Bon Jovi"): Text 'Bon Jovi' is set on object 'Object Repository/Wikipedia/box wikipedia search'

04-07-2024T13:54:25 - [MESSAGE][PASSED] - Text 'Bon Jovi' is set on object 'Object Repository/Wikipedia/box wikipedia search'

04-07-2024T13:54:25 - [TEST_STEP][PASSED] - delay(3): Delayed 3 second(s)

04-07-2024T13:54:28 - [MESSAGE][PASSED] - Delayed 3 second(s)

04-07-2024T13:54:28 - [TEST_STEP][PASSED] - click(findTestObject("Wikipedia/klik button search")): Object: 'Object Repository/Wikipedia/klik button search' is clicked on

04-07-2024T13:54:32 - [MESSAGE][PASSED] - Object: 'Object Repository/Wikipedia/klik button search' is clicked on

04-07-2024T13:54:32 - [TEST_STEP][PASSED] - delay(4): Delayed 4 second(s)

04-07-2024T13:54:36 - [MESSAGE][PASSED] - Delayed 4 second(s)]]></system-out>
         <system-err><![CDATA[]]></system-err>
      </testcase>
      <system-out><![CDATA[04-07-2024T13:54:15 - [TEST_SUITE][PASSED] - wiki bon jovi: Test Cases/Wikipedia/Open Bon Jovi]]></system-out>
      <system-err><![CDATA[]]></system-err>
   </testsuite>
</testsuites>
