<?xml version="1.0" encoding="UTF-8"?>
<testsuites name="login berhasil" time="33.609" tests="1" failures="0" errors="0">
   <testsuite name="login berhasil" tests="1" failures="0" errors="0" time="33.609" skipped="0" timestamp="04-07-2024T16:47:33" hostname="0789 - DESKTOP-51HVGAE" id="Test Suites/mascot/login berhasil">
      <properties>
         <property name="deviceName" value=""/>
         <property name="devicePlatform"/>
         <property name="logFolder" value="C:\\Users\\0789\\Katalon Studio\\dev mascot\\Reports\\20240704_164645\\mascot\\login berhasil\\20240704_164645"/>
         <property name="logFiles" value="C:\\Users\\0789\\Katalon Studio\\dev mascot\\Reports\\20240704_164645\\mascot\\login berhasil\\20240704_164645\\execution0.log"/>
         <property name="attachments" value=""/>
         <property name="hostName" value="0789 - DESKTOP-51HVGAE"/>
         <property name="os" value="Windows 10 64bit"/>
         <property name="katalonVersion" value="9.5.0.217"/>
         <property name="browser" value="Chrome 126.0.0.0"/>
         <property name="hostAddress" value="192.168.73.2"/>
         <property name="sessionId" value="05aa4f1d0ed390120fd1e37e2e4014c5"/>
         <property name="seleniumVersion" value="3.141.59"/>
         <property name="proxyInformation" value="ProxyInformation { proxyOption=NO_PROXY, proxyServerType=HTTP, username=, password=********, proxyServerAddress=, proxyServerPort=0, executionList=&quot;&quot;, isApplyToDesiredCapabilities=true }"/>
         <property name="platform" value="Windows 10"/>
      </properties>
      <testcase name="Test Cases/login mascot/login" time="33.24" classname="Test Cases/login mascot/login" status="PASSED">
         <system-out><![CDATA[04-07-2024T16:47:33 - [TEST_CASE][PASSED] - Test Cases/login mascot/login: Test Cases/login mascot/login

04-07-2024T16:47:34 - [TEST_STEP][PASSED] - a = "http://206.189.158.91:8080/sparepart-factory-cms/login.zul": null

04-07-2024T16:47:34 - [TEST_STEP][PASSED] - openBrowser(a): Browser is opened with url: 'http://206.189.158.91:8080/sparepart-factory-cms/login.zul'

04-07-2024T16:47:35 - [MESSAGE][INFO] - Starting 'Chrome' driver

04-07-2024T16:47:35 - [MESSAGE][INFO] - Action delay is set to 0 milliseconds

04-07-2024T16:47:57 - [MESSAGE][PASSED] - Browser is opened with url: 'http://206.189.158.91:8080/sparepart-factory-cms/login.zul'

04-07-2024T16:47:57 - [TEST_STEP][PASSED] - setText(findTestObject("login mascot/input username"), UserName): Text 'sadm001' is set on object 'Object Repository/login mascot/input username'

04-07-2024T16:48:02 - [MESSAGE][PASSED] - Text 'sadm001' is set on object 'Object Repository/login mascot/input username'

04-07-2024T16:48:02 - [TEST_STEP][PASSED] - setText(findTestObject("login mascot/input password"), Password): Text 'Abc123!' is set on object 'Object Repository/login mascot/input password'

04-07-2024T16:48:03 - [MESSAGE][PASSED] - Text 'Abc123!' is set on object 'Object Repository/login mascot/input password'

04-07-2024T16:48:03 - [TEST_STEP][PASSED] - click(findTestObject("login mascot/klik button login")): Object: 'Object Repository/login mascot/klik button login' is clicked on

04-07-2024T16:48:04 - [MESSAGE][PASSED] - Object: 'Object Repository/login mascot/klik button login' is clicked on

04-07-2024T16:48:04 - [TEST_STEP][PASSED] - delay(3): Delayed 3 second(s)

04-07-2024T16:48:07 - [MESSAGE][PASSED] - Delayed 3 second(s)]]></system-out>
         <system-err><![CDATA[]]></system-err>
      </testcase>
      <system-out><![CDATA[04-07-2024T16:47:33 - [TEST_SUITE][PASSED] - login berhasil: Test Cases/login mascot/login]]></system-out>
      <system-err><![CDATA[]]></system-err>
   </testsuite>
</testsuites>
